# JRE version: Java(TM) SE Runtime Environment (8.0_101-b13) (build 1.8.0_101-b13)
# Java VM: Java HotSpot(TM) 64-Bit Server VM (25.101-b13 mixed mode windows-amd64 compressed oops)
Heap:
 PSYoungGen      total 520704K, used 463578K [0x00000000d5f00000, 0x00000000f7f80000, 0x0000000100000000)
  eden space 495104K, 88% used [0x00000000d5f00000,0x00000000f0ab8508,0x00000000f4280000)
  from space 25600K, 99% used [0x00000000f6680000,0x00000000f7f7e5b8,0x00000000f7f80000)
  to   space 30720K, 0% used [0x00000000f4380000,0x00000000f4380000,0x00000000f6180000)
 ParOldGen       total 150016K, used 53516K [0x0000000081c00000, 0x000000008ae80000, 0x00000000d5f00000)
  object space 150016K, 35% used [0x0000000081c00000,0x0000000085043170,0x000000008ae80000)
 Metaspace       used 70404K, capacity 74022K, committed 74200K, reserved 1114112K
  class space    used 9057K, capacity 9684K, committed 9728K, reserved 1048576K
GC Heap History (10 events):
Event: 9.554 GC heap before
{Heap before GC invocations=15 (full 2):
 PSYoungGen      total 339456K, used 339011K [0x00000000d5f00000, 0x00000000edc80000, 0x0000000100000000)
  eden space 327680K, 100% used [0x00000000d5f00000,0x00000000e9f00000,0x00000000e9f00000)
  from space 11776K, 96% used [0x00000000ed100000,0x00000000edc10e68,0x00000000edc80000)
  to   space 25088K, 0% used [0x00000000eab80000,0x00000000eab80000,0x00000000ec400000)
 ParOldGen       total 115712K, used 38198K [0x0000000081c00000, 0x0000000088d00000, 0x00000000d5f00000)
  object space 115712K, 33% used [0x0000000081c00000,0x000000008414dbb8,0x0000000088d00000)
 Metaspace       used 34245K, capacity 35660K, committed 35968K, reserved 1081344K
  class space    used 4590K, capacity 4882K, committed 4992K, reserved 1048576K
Event: 9.578 GC heap after
Heap after GC invocations=15 (full 2):
 PSYoungGen      total 365568K, used 17081K [0x00000000d5f00000, 0x00000000f2f00000, 0x0000000100000000)
  eden space 340480K, 0% used [0x00000000d5f00000,0x00000000d5f00000,0x00000000eab80000)
  from space 25088K, 68% used [0x00000000eab80000,0x00000000ebc2e530,0x00000000ec400000)
  to   space 25600K, 0% used [0x00000000f1600000,0x00000000f1600000,0x00000000f2f00000)
 ParOldGen       total 115712K, used 39294K [0x0000000081c00000, 0x0000000088d00000, 0x00000000d5f00000)
  object space 115712K, 33% used [0x0000000081c00000,0x000000008425fbb8,0x0000000088d00000)
 Metaspace       used 34245K, capacity 35660K, committed 35968K, reserved 1081344K
  class space    used 4590K, capacity 4882K, committed 4992K, reserved 1048576K
}
Event: 11.229 GC heap before
{Heap before GC invocations=16 (full 2):
 PSYoungGen      total 365568K, used 251252K [0x00000000d5f00000, 0x00000000f2f00000, 0x0000000100000000)
  eden space 340480K, 68% used [0x00000000d5f00000,0x00000000e43aee90,0x00000000eab80000)
  from space 25088K, 68% used [0x00000000eab80000,0x00000000ebc2e530,0x00000000ec400000)
  to   space 25600K, 0% used [0x00000000f1600000,0x00000000f1600000,0x00000000f2f00000)
 ParOldGen       total 115712K, used 39294K [0x0000000081c00000, 0x0000000088d00000, 0x00000000d5f00000)
  object space 115712K, 33% used [0x0000000081c00000,0x000000008425fbb8,0x0000000088d00000)
 Metaspace       used 47408K, capacity 49394K, committed 49496K, reserved 1091584K
  class space    used 6107K, capacity 6509K, committed 6528K, reserved 1048576K
Event: 11.247 GC heap after
Heap after GC invocations=16 (full 2):
 PSYoungGen      total 448512K, used 17968K [0x00000000d5f00000, 0x00000000f3a80000, 0x0000000100000000)
  eden space 422912K, 0% used [0x00000000d5f00000,0x00000000d5f00000,0x00000000efc00000)
  from space 25600K, 70% used [0x00000000f1600000,0x00000000f278c008,0x00000000f2f00000)
  to   space 26624K, 0% used [0x00000000efc00000,0x00000000efc00000,0x00000000f1600000)
 ParOldGen       total 115712K, used 43506K [0x0000000081c00000, 0x0000000088d00000, 0x00000000d5f00000)
  object space 115712K, 37% used [0x0000000081c00000,0x000000008467cbd8,0x0000000088d00000)
 Metaspace       used 47408K, capacity 49394K, committed 49496K, reserved 1091584K
  class space    used 6107K, capacity 6509K, committed 6528K, reserved 1048576K
}
Event: 11.247 GC heap before
{Heap before GC invocations=17 (full 3):
 PSYoungGen      total 448512K, used 17968K [0x00000000d5f00000, 0x00000000f3a80000, 0x0000000100000000)
  eden space 422912K, 0% used [0x00000000d5f00000,0x00000000d5f00000,0x00000000efc00000)
  from space 25600K, 70% used [0x00000000f1600000,0x00000000f278c008,0x00000000f2f00000)
  to   space 26624K, 0% used [0x00000000efc00000,0x00000000efc00000,0x00000000f1600000)
 ParOldGen       total 115712K, used 43506K [0x0000000081c00000, 0x0000000088d00000, 0x00000000d5f00000)
  object space 115712K, 37% used [0x0000000081c00000,0x000000008467cbd8,0x0000000088d00000)
 Metaspace       used 47408K, capacity 49394K, committed 49496K, reserved 1091584K
  class space    used 6107K, capacity 6509K, committed 6528K, reserved 1048576K
Event: 11.495 GC heap after
Heap after GC invocations=17 (full 3):
 PSYoungGen      total 448512K, used 0K [0x00000000d5f00000, 0x00000000f3a80000, 0x0000000100000000)
  eden space 422912K, 0% used [0x00000000d5f00000,0x00000000d5f00000,0x00000000efc00000)
  from space 25600K, 0% used [0x00000000f1600000,0x00000000f1600000,0x00000000f2f00000)
  to   space 26624K, 0% used [0x00000000efc00000,0x00000000efc00000,0x00000000f1600000)
 ParOldGen       total 150016K, used 48508K [0x0000000081c00000, 0x000000008ae80000, 0x00000000d5f00000)
  object space 150016K, 32% used [0x0000000081c00000,0x0000000084b5f268,0x000000008ae80000)
 Metaspace       used 47408K, capacity 49394K, committed 49496K, reserved 1091584K
  class space    used 6107K, capacity 6509K, committed 6528K, reserved 1048576K
}
Event: 12.547 GC heap before
{Heap before GC invocations=18 (full 3):
 PSYoungGen      total 448512K, used 422912K [0x00000000d5f00000, 0x00000000f3a80000, 0x0000000100000000)
  eden space 422912K, 100% used [0x00000000d5f00000,0x00000000efc00000,0x00000000efc00000)
  from space 25600K, 0% used [0x00000000f1600000,0x00000000f1600000,0x00000000f2f00000)
  to   space 26624K, 0% used [0x00000000efc00000,0x00000000efc00000,0x00000000f1600000)
 ParOldGen       total 150016K, used 48508K [0x0000000081c00000, 0x000000008ae80000, 0x00000000d5f00000)
  object space 150016K, 32% used [0x0000000081c00000,0x0000000084b5f268,0x000000008ae80000)
 Metaspace       used 52550K, capacity 54770K, committed 55000K, reserved 1097728K
  class space    used 6683K, capacity 7103K, committed 7168K, reserved 1048576K
Event: 12.559 GC heap after
Heap after GC invocations=18 (full 3):
 PSYoungGen      total 449536K, used 13320K [0x00000000d5f00000, 0x00000000f7f80000, 0x0000000100000000)
  eden space 422912K, 0% used [0x00000000d5f00000,0x00000000d5f00000,0x00000000efc00000)
  from space 26624K, 50% used [0x00000000efc00000,0x00000000f0902188,0x00000000f1600000)
  to   space 25600K, 0% used [0x00000000f6680000,0x00000000f6680000,0x00000000f7f80000)
 ParOldGen       total 150016K, used 48516K [0x0000000081c00000, 0x000000008ae80000, 0x00000000d5f00000)
  object space 150016K, 32% used [0x0000000081c00000,0x0000000084b61268,0x000000008ae80000)
 Metaspace       used 52550K, capacity 54770K, committed 55000K, reserved 1097728K
  class space    used 6683K, capacity 7103K, committed 7168K, reserved 1048576K
}
Event: 19.917 GC heap before
{Heap before GC invocations=19 (full 3):
 PSYoungGen      total 449536K, used 436232K [0x00000000d5f00000, 0x00000000f7f80000, 0x0000000100000000)
  eden space 422912K, 100% used [0x00000000d5f00000,0x00000000efc00000,0x00000000efc00000)
  from space 26624K, 50% used [0x00000000efc00000,0x00000000f0902188,0x00000000f1600000)
  to   space 25600K, 0% used [0x00000000f6680000,0x00000000f6680000,0x00000000f7f80000)
 ParOldGen       total 150016K, used 48516K [0x0000000081c00000, 0x000000008ae80000, 0x00000000d5f00000)
  object space 150016K, 32% used [0x0000000081c00000,0x0000000084b61268,0x000000008ae80000)
 Metaspace       used 65763K, capacity 69086K, committed 69208K, reserved 1110016K
  class space    used 8487K, capacity 9060K, committed 9088K, reserved 1048576K
Event: 19.949 GC heap after
Heap after GC invocations=19 (full 3):
 PSYoungGen      total 520704K, used 25593K [0x00000000d5f00000, 0x00000000f7f80000, 0x0000000100000000)
  eden space 495104K, 0% used [0x00000000d5f00000,0x00000000d5f00000,0x00000000f4280000)
  from space 25600K, 99% used [0x00000000f6680000,0x00000000f7f7e5b8,0x00000000f7f80000)
  to   space 30720K, 0% used [0x00000000f4380000,0x00000000f4380000,0x00000000f6180000)
 ParOldGen       total 150016K, used 53516K [0x0000000081c00000, 0x000000008ae80000, 0x00000000d5f00000)
  object space 150016K, 35% used [0x0000000081c00000,0x0000000085043170,0x000000008ae80000)
 Metaspace       used 65763K, capacity 69086K, committed 69208K, reserved 1110016K
  class space    used 8487K, capacity 9060K, committed 9088K, reserved 1048576K
}

